[2025-08-14T06:33:12.479Z] [31MERROR[39M: Invalid access token, please log in
[2025-08-14T06:33:13.735Z] [31MERROR[39M: Invalid access token, please log in
[2025-08-14T06:33:26.343Z] [31MERROR[39M: Invalid access token, please log in
[2025-08-14T06:33:26.348Z] [31MERROR[39M: Invalid access token, please log in
[2025-08-14T06:33:26.359Z] [31MERROR[39M: Invalid access token, please log in
[2025-08-14T06:33:26.362Z] [31MERROR[39M: Invalid access token, please log in
[2025-08-14T06:33:26.365Z] [31MERROR[39M: Invalid access token, please log in
[2025-08-14T06:33:26.636Z] [31MERROR[39M: Refresh token not found
[2025-08-14T06:33:26.714Z] [31MERROR[39M: Refresh token not found
[2025-08-14T06:33:27.181Z] [31MERROR[39M: Refresh token not found
[2025-08-14T06:33:27.185Z] [31MERROR[39M: Refresh token not found
[2025-08-14T06:33:27.189Z] [31MERROR[39M: Refresh token not found
[2025-08-14T06:33:34.560Z] [31MERROR[39M: Invalid access token, please log in
[2025-08-14T06:33:34.908Z] [31MERROR[39M: Refresh token not found
[2025-08-14T06:33:41.491Z] [31MERROR[39M: Record not found
[2025-08-14T06:33:46.579Z] [31MERROR[39M: Invalid access token, please log in
[2025-08-14T06:33:46.904Z] [31MERROR[39M: Refresh token not found
[2025-08-15T06:04:56.603Z] [31MERROR[39M: Unauthorized, please log in
[2025-08-15T06:04:57.104Z] [31MERROR[39M: Refresh token not found
[2025-08-15T06:05:07.706Z] [31MERROR[39M: Unauthorized, please log in
[2025-08-15T06:05:07.753Z] [31MERROR[39M: Unauthorized, please log in
[2025-08-15T06:05:07.763Z] [31MERROR[39M: Unauthorized, please log in
[2025-08-15T06:05:07.774Z] [31MERROR[39M: Unauthorized, please log in
[2025-08-15T06:05:07.784Z] [31MERROR[39M: Unauthorized, please log in
[2025-08-15T06:05:07.892Z] [31MERROR[39M: Refresh token not found
[2025-08-15T06:05:07.925Z] [31MERROR[39M: Refresh token not found
[2025-08-15T06:05:08.680Z] [31MERROR[39M: Refresh token not found
[2025-08-15T06:05:08.693Z] [31MERROR[39M: Refresh token not found
[2025-08-15T06:05:08.702Z] [31MERROR[39M: Refresh token not found
[2025-08-15T06:05:10.343Z] [31MERROR[39M: Unauthorized, please log in
[2025-08-15T06:05:10.545Z] [31MERROR[39M: Refresh token not found
[2025-08-15T06:09:55.487Z] [31MERROR[39M: Unauthorized, please log in
[2025-08-15T06:09:55.776Z] [31MERROR[39M: Refresh token not found
[2025-08-15T06:14:51.783Z] [31MERROR[39M: Unauthorized, please log in
[2025-08-15T06:14:52.121Z] [31MERROR[39M: Refresh token not found
[2025-08-15T06:14:53.729Z] [31MERROR[39M: Unauthorized, please log in
[2025-08-15T06:14:54.414Z] [31MERROR[39M: Refresh token not found
[2025-08-15T06:15:29.146Z] [31MERROR[39M: Unauthorized, please log in
[2025-08-15T06:15:29.382Z] [31MERROR[39M: Refresh token not found
[2025-08-15T06:17:04.787Z] [31MERROR[39M: Unauthorized, please log in
[2025-08-15T06:17:05.023Z] [31MERROR[39M: Refresh token not found
[2025-08-15T06:40:30.701Z] [31MERROR[39M: Invalid access token, please log in
[2025-08-15T06:40:31.641Z] [31MERROR[39M: Invalid access token, please log in
[2025-08-15T06:40:37.723Z] [31MERROR[39M: Invalid access token, please log in
[2025-08-15T06:40:38.381Z] [31MERROR[39M: Invalid access token, please log in
[2025-08-15T06:41:48.446Z] [31MERROR[39M: Variant not found
[2025-08-15T06:49:02.840Z] [31MERROR[39M: Invalid access token, please log in
[2025-08-15T06:49:05.773Z] [31MERROR[39M: Invalid access token, please log in
[2025-08-15T06:49:06.010Z] [31MERROR[39M: Refresh token not found
[2025-08-15T06:49:07.127Z] [31MERROR[39M: Invalid access token, please log in
[2025-08-15T06:49:07.367Z] [31MERROR[39M: Refresh token not found
[2025-08-15T07:03:38.408Z] [31MERROR[39M: Unauthorized, please log in
[2025-08-15T07:03:40.931Z] [31MERROR[39M: Refresh token not found
[2025-08-15T07:03:42.690Z] [31MERROR[39M: Unauthorized, please log in
[2025-08-15T07:03:42.816Z] [31MERROR[39M: Refresh token not found
[2025-08-15T07:03:51.410Z] [31MERROR[39M: Unauthorized, please log in
[2025-08-15T07:03:51.571Z] [31MERROR[39M: Refresh token not found
[2025-08-15T07:13:00.089Z] [31MERROR[39M: Unauthorized, please log in
[2025-08-15T07:13:01.103Z] [31MERROR[39M: Refresh token not found
[2025-08-15T07:13:05.430Z] [31MERROR[39M: Unauthorized, please log in
[2025-08-15T07:13:05.738Z] [31MERROR[39M: Refresh token not found
[2025-08-15T07:13:20.642Z] [31MERROR[39M: Cart is empty
[2025-08-15T07:38:04.531Z] [31MERROR[39M: Unauthorized, please log in
[2025-08-15T07:38:05.041Z] [31MERROR[39M: Refresh token not found
[2025-08-15T07:38:28.059Z] [31MERROR[39M: Unauthorized, please log in
[2025-08-15T07:38:28.365Z] [31MERROR[39M: Refresh token not found
[2025-08-15T07:53:01.565Z] [31MERROR[39M: Unauthorized, please log in
[2025-08-15T07:53:02.287Z] [31MERROR[39M: Refresh token not found
[2025-08-15T07:53:11.255Z] [31MERROR[39M: Unauthorized, please log in
[2025-08-15T07:53:11.531Z] [31MERROR[39M: Refresh token not found
[2025-08-15T08:10:51.031Z] [31MERROR[39M: Invalid access token, please log in
[2025-08-15T08:10:53.640Z] [31MERROR[39M: Invalid access token, please log in
[2025-08-15T08:11:23.337Z] [31MERROR[39M: Invalid access token, please log in
[2025-08-15T08:11:24.215Z] [31MERROR[39M: Invalid access token, please log in
[2025-08-15T08:19:02.612Z] [31MERROR[39M: Unauthorized, please log in
[2025-08-15T08:19:03.292Z] [31MERROR[39M: Refresh token not found
[2025-08-15T08:51:08.887Z] [31MERROR[39M: Invalid access token, please log in
[2025-08-15T08:51:10.375Z] [31MERROR[39M: Invalid access token, please log in
[2025-08-15T09:14:39.794Z] [31MERROR[39M: Invalid access token, please log in
[2025-08-15T09:14:40.738Z] [31MERROR[39M: Invalid access token, please log in
[2025-08-15T09:28:10.645Z] [31MERROR[39M: Invalid access token, please log in
[2025-08-15T09:28:11.725Z] [31MERROR[39M: User not found
[2025-08-15T10:08:13.403Z] [31MERROR[39M: Invalid access token, please log in
[2025-08-15T10:08:14.041Z] [31MERROR[39M: User not found
[2025-08-15T10:08:26.623Z] [31MERROR[39M: Invalid access token, please log in
[2025-08-15T10:08:27.439Z] [31MERROR[39M: User not found
[2025-08-15T10:26:32.505Z] [31MERROR[39M: Unauthorized, please log in
[2025-08-15T10:26:32.933Z] [31MERROR[39M: Refresh token not found
[2025-08-15T10:26:48.983Z] [31MERROR[39M: Unauthorized, please log in
[2025-08-15T10:26:49.292Z] [31MERROR[39M: Refresh token not found
[2025-08-15T10:27:02.393Z] [31MERROR[39M: Unauthorized, please log in
[2025-08-15T10:27:02.785Z] [31MERROR[39M: Refresh token not found
[2025-08-15T10:27:24.696Z] [31MERROR[39M: Unauthorized, please log in
[2025-08-15T10:27:25.604Z] [31MERROR[39M: Refresh token not found
[2025-08-15T10:27:26.137Z] [31MERROR[39M: Unauthorized, please log in
[2025-08-15T10:27:26.434Z] [31MERROR[39M: Refresh token not found
[2025-08-15T10:33:22.418Z] [31MERROR[39M: Unauthorized, please log in
[2025-08-15T10:33:22.849Z] [31MERROR[39M: Refresh token not found
[2025-08-15T10:33:33.663Z] [31MERROR[39M: Unauthorized, please log in
[2025-08-15T10:33:33.982Z] [31MERROR[39M: Refresh token not found
[2025-08-15T10:39:12.677Z] [31MERROR[39M: User no longer exists.
[2025-08-15T10:39:12.684Z] [31MERROR[39M: User no longer exists.
[2025-08-15T10:39:12.700Z] [31MERROR[39M: User no longer exists.
[2025-08-15T10:39:12.847Z] [31MERROR[39M: User no longer exists.
[2025-08-15T10:39:13.373Z] [31MERROR[39M: User not found
[2025-08-15T10:39:13.390Z] [31MERROR[39M: User not found
[2025-08-15T10:39:13.424Z] [31MERROR[39M: User not found
[2025-08-15T10:39:13.437Z] [31MERROR[39M: User not found
[2025-08-15T10:39:56.006Z] [31MERROR[39M: User no longer exists.
[2025-08-15T10:39:56.523Z] [31MERROR[39M: User not found
[2025-08-15T10:40:02.247Z] [31MERROR[39M: User no longer exists.
[2025-08-15T10:40:02.774Z] [31MERROR[39M: User not found
[2025-08-15T10:50:18.413Z] [31MERROR[39M: Invalid access token, please log in
[2025-08-15T10:50:19.097Z] [31MERROR[39M: User not found
[2025-08-15T10:50:23.653Z] [31MERROR[39M: Invalid access token, please log in
[2025-08-15T10:50:24.228Z] [31MERROR[39M: User not found
[2025-08-15T10:50:42.165Z] [31MERROR[39M: Invalid access token, please log in
[2025-08-15T10:50:42.554Z] [31MERROR[39M: User not found
[2025-08-15T10:53:56.355Z] [31MERROR[39M: Invalid access token, please log in
[2025-08-15T10:53:56.791Z] [31MERROR[39M: User not found
[2025-08-15T10:55:47.906Z] [31MERROR[39M: Invalid access token, please log in
[2025-08-15T10:55:48.893Z] [31MERROR[39M: User not found
[2025-08-15T10:55:49.309Z] [31MERROR[39M: Duplicate field value entered
[2025-08-15T10:56:06.673Z] [31MERROR[39M: Invalid access token, please log in
[2025-08-15T10:56:07.168Z] [31MERROR[39M: User not found
[2025-08-15T10:56:31.911Z] [31MERROR[39M: Cart is empty
[2025-08-15T11:08:50.719Z] [31MERROR[39M: Unauthorized, please log in
[2025-08-15T11:08:52.659Z] [31MERROR[39M: Refresh token not found
[2025-08-15T13:43:47.130Z] [31MERROR[39M: Unauthorized, please log in
[2025-08-15T13:43:47.614Z] [31MERROR[39M: Refresh token not found
[2025-08-15T15:38:05.408Z] [31MERROR[39M: Unauthorized, please log in
[2025-08-15T15:38:05.823Z] [31MERROR[39M: Refresh token not found
[2025-08-15T16:10:01.140Z] [31MERROR[39M: Unauthorized, please log in
[2025-08-15T16:10:02.961Z] [31MERROR[39M: Refresh token not found
[2025-08-15T16:15:17.654Z] [31MERROR[39M: Unauthorized, please log in
[2025-08-15T16:15:18.902Z] [31MERROR[39M: Unauthorized, please log in
[2025-08-15T16:15:19.272Z] [31MERROR[39M: Refresh token not found
[2025-08-15T16:15:25.602Z] [31MERROR[39M: Unauthorized, please log in
[2025-08-15T16:15:26.222Z] [31MERROR[39M: Refresh token not found
[2025-08-15T16:15:28.291Z] [31MERROR[39M: Unauthorized, please log in
[2025-08-15T16:15:28.537Z] [31MERROR[39M: Refresh token not found
[2025-08-15T16:15:36.768Z] [31MERROR[39M: Unauthorized, please log in
[2025-08-15T16:15:37.239Z] [31MERROR[39M: Refresh token not found
[2025-08-15T16:15:38.276Z] [31MERROR[39M: Unauthorized, please log in
[2025-08-15T16:15:38.502Z] [31MERROR[39M: Refresh token not found
[2025-08-15T16:15:44.916Z] [31MERROR[39M: Unauthorized, please log in
[2025-08-15T16:15:45.186Z] [31MERROR[39M: Refresh token not found
[2025-08-15T16:15:46.160Z] [31MERROR[39M: Unauthorized, please log in
[2025-08-15T16:15:46.558Z] [31MERROR[39M: Refresh token not found
[2025-08-15T16:23:14.077Z] [31MERROR[39M: Unauthorized, please log in
[2025-08-15T16:23:14.781Z] [31MERROR[39M: Refresh token not found
[2025-08-15T16:25:26.355Z] [31MERROR[39M: Unauthorized, please log in
[2025-08-15T16:25:26.673Z] [31MERROR[39M: Refresh token not found
[2025-08-15T16:25:36.803Z] [31MERROR[39M: Unauthorized, please log in
[2025-08-15T16:25:37.016Z] [31MERROR[39M: Refresh token not found
[2025-08-15T16:25:38.859Z] [31MERROR[39M: Unauthorized, please log in
[2025-08-15T16:25:39.087Z] [31MERROR[39M: Refresh token not found
[2025-08-15T16:30:11.278Z] [31MERROR[39M: Unauthorized, please log in
[2025-08-15T16:30:11.627Z] [31MERROR[39M: Refresh token not found
[2025-08-15T16:30:24.462Z] [31MERROR[39M: Unauthorized, please log in
[2025-08-15T16:30:24.677Z] [31MERROR[39M: Refresh token not found
[2025-08-15T16:30:32.868Z] [31MERROR[39M: Unauthorized, please log in
[2025-08-15T16:30:33.097Z] [31MERROR[39M: Refresh token not found
[2025-08-15T16:34:27.359Z] [31MERROR[39M: Unauthorized, please log in
[2025-08-15T16:34:27.765Z] [31MERROR[39M: Refresh token not found
[2025-08-15T16:34:37.229Z] [31MERROR[39M: Unauthorized, please log in
[2025-08-15T16:34:37.588Z] [31MERROR[39M: Refresh token not found
[2025-08-15T16:34:44.940Z] [31MERROR[39M: Unauthorized, please log in
[2025-08-15T16:34:45.230Z] [31MERROR[39M: Refresh token not found
[2025-08-15T16:50:04.556Z] [31MERROR[39M: Invalid access token, please log in
[2025-08-15T16:50:04.561Z] [31MERROR[39M: Invalid access token, please log in
[2025-08-15T16:50:04.617Z] [31MERROR[39M: Invalid access token, please log in
[2025-08-15T16:50:04.620Z] [31MERROR[39M: Invalid access token, please log in
[2025-08-15T16:50:04.624Z] [31MERROR[39M: Invalid access token, please log in
[2025-08-15T16:50:05.076Z] [31MERROR[39M: Invalid access token, please log in
[2025-08-15T16:50:05.079Z] [31MERROR[39M: Invalid access token, please log in
[2025-08-15T16:50:05.342Z] [31MERROR[39M: Invalid access token, please log in
[2025-08-15T16:50:05.410Z] [31MERROR[39M: Invalid access token, please log in
[2025-08-15T16:50:05.530Z] [31MERROR[39M: Invalid access token, please log in
[2025-08-15T16:50:05.898Z] [31MERROR[39M: Refresh token not found
[2025-08-15T16:50:06.052Z] [31MERROR[39M: Refresh token not found
[2025-08-15T16:50:06.160Z] [31MERROR[39M: Invalid access token, please log in
[2025-08-15T16:50:06.255Z] [31MERROR[39M: Invalid access token, please log in
[2025-08-15T16:50:06.260Z] [31MERROR[39M: Refresh token not found
[2025-08-15T16:50:06.262Z] [31MERROR[39M: Refresh token not found
[2025-08-15T16:50:06.263Z] [31MERROR[39M: Refresh token not found
[2025-08-15T16:50:06.366Z] [31MERROR[39M: Invalid access token, please log in
[2025-08-15T16:50:06.455Z] [31MERROR[39M: Invalid access token, please log in
[2025-08-15T16:50:06.542Z] [31MERROR[39M: Invalid access token, please log in
[2025-08-15T16:50:10.747Z] [31MERROR[39M: Invalid access token, please log in
[2025-08-15T16:50:11.471Z] [31MERROR[39M: Invalid access token, please log in
[2026-05-15T05:10:21.286Z] [31MERROR[39M: Unauthorized, please log in
[2026-05-15T05:10:22.319Z] [31MERROR[39M: Refresh token not found
[2026-05-15T05:11:45.012Z] [31MERROR[39M: Unauthorized, please log in
[2026-05-15T05:11:45.236Z] [31MERROR[39M: Refresh token not found
[2026-05-15T05:13:21.791Z] [31MERROR[39M: Unauthorized, please log in
[2026-05-15T05:13:22.144Z] [31MERROR[39M: Refresh token not found
[2026-05-15T05:22:09.253Z] [31MERROR[39M: Unauthorized, please log in
[2026-05-15T05:22:09.537Z] [31MERROR[39M: Refresh token not found
[2026-05-15T05:22:41.017Z] [31MERROR[39M: Unauthorized, please log in
[2026-05-15T05:22:41.266Z] [31MERROR[39M: Refresh token not found
[2026-05-15T05:24:00.669Z] [31MERROR[39M: Unauthorized, please log in
[2026-05-15T05:24:00.968Z] [31MERROR[39M: Refresh token not found
[2026-05-15T05:24:10.226Z] [31MERROR[39M: Email or password is incorrect.
[2026-05-15T05:24:30.806Z] [31MERROR[39M: Email or password is incorrect.
[2026-05-15T05:29:41.354Z] [31MERROR[39M: Duplicate field value entered
[2026-05-15T05:30:02.140Z] [31MERROR[39M: Duplicate field value entered
[2026-05-15T05:30:38.289Z] [31MERROR[39M: Duplicate field value entered
[2026-05-15T05:32:13.932Z] [31MERROR[39M: Unauthorized, please log in
[2026-05-15T05:32:14.203Z] [31MERROR[39M: Refresh token not found
[2026-05-15T05:32:53.507Z] [31MERROR[39M: Email or password is incorrect.
[2026-05-15T05:36:04.531Z] [31MERROR[39M: User no longer exists.
[2026-05-15T05:36:04.880Z] [31MERROR[39M: User not found
[2026-05-15T05:39:48.684Z] [31MERROR[39M: User no longer exists.
[2026-05-15T05:39:49.093Z] [31MERROR[39M: User not found
[2026-05-15T05:41:58.181Z] [31MERROR[39M: User no longer exists.
[2026-05-15T05:41:58.532Z] [31MERROR[39M: User not found
[2026-05-15T05:43:13.095Z] [31MERROR[39M: Email or password is incorrect.
[2026-05-15T05:44:39.825Z] [31MERROR[39M: Invalid API Key provided: sk_test_*******lder
[2026-05-15T06:10:54.127Z] [31MERROR[39M: Invalid access token, please log in
[2026-05-15T06:14:26.372Z] [31MERROR[39M: Invalid access token, please log in
[2026-05-15T11:30:43.056Z] [31MERROR[39M: Invalid access token, please log in
[2026-05-15T11:31:13.227Z] [31MERROR[39M: Prisma error: 
Invalid `prisma.cart.findUnique()` invocation in
C:\Users\harsh\Desktop\e-commerse\src\server\src\modules\cart\cart.repository.ts:30:36

  27 console.log("🔍 [CART REPOSITORY] getCartBySessionId called");
  28 console.log("🔍 [CART REPOSITORY] sessionId:", sessionId);
  29 
→ 30 const cart = await prisma.cart.findUnique(
Raw query failed. Code: `unknown`. Message: `Kind: Server selection timeout: No available servers. Topology: { Type: ReplicaSetNoPrimary, Set Name: atlas-ueb8e3-shard-0, Servers: [ { Address: ac-wiax5mf-shard-00-00.lxptvyx.mongodb.net:27017, Type: Unknown, Error: Kind: I/O error: received fatal alert: InternalError, labels: {} }, { Address: ac-wiax5mf-shard-00-01.lxptvyx.mongodb.net:27017, Type: Unknown, Error: Kind: I/O error: received fatal alert: InternalError, labels: {} }, { Address: ac-wiax5mf-shard-00-02.lxptvyx.mongodb.net:27017, Type: Unknown, Error: Kind: I/O error: received fatal alert: InternalError, labels: {} } ] }, labels: {}`
[2026-05-15T11:31:13.333Z] [31MERROR[39M: Prisma error: 
Invalid `prisma.user.findUnique()` invocation in
C:\Users\harsh\Desktop\e-commerse\src\server\src\modules\auth\auth.repository.ts:26:24

  23 }
  24 
  25 async findUserById(id: string) {
→ 26   return prisma.user.findUnique(
Raw query failed. Code: `unknown`. Message: `Kind: Server selection timeout: No available servers. Topology: { Type: ReplicaSetNoPrimary, Set Name: atlas-ueb8e3-shard-0, Servers: [ { Address: ac-wiax5mf-shard-00-00.lxptvyx.mongodb.net:27017, Type: Unknown, Error: Kind: I/O error: received fatal alert: InternalError, labels: {} }, { Address: ac-wiax5mf-shard-00-01.lxptvyx.mongodb.net:27017, Type: Unknown, Error: Kind: I/O error: received fatal alert: InternalError, labels: {} }, { Address: ac-wiax5mf-shard-00-02.lxptvyx.mongodb.net:27017, Type: Unknown, Error: Kind: I/O error: received fatal alert: InternalError, labels: {} } ] }, labels: {}`
[2026-05-15T11:31:27.488Z] [31MERROR[39M: Prisma error: 
Invalid `prisma.user.findUnique()` invocation in
C:\Users\harsh\Desktop\e-commerse\src\server\src\modules\auth\auth.repository.ts:12:24

   9 }
  10 
  11 async findUserByEmailWithPassword(email: string) {
→ 12   return prisma.user.findUnique(
Raw query failed. Code: `unknown`. Message: `Kind: Server selection timeout: No available servers. Topology: { Type: ReplicaSetNoPrimary, Set Name: atlas-ueb8e3-shard-0, Servers: [ { Address: ac-wiax5mf-shard-00-00.lxptvyx.mongodb.net:27017, Type: Unknown, Error: Kind: I/O error: received fatal alert: InternalError, labels: {} }, { Address: ac-wiax5mf-shard-00-01.lxptvyx.mongodb.net:27017, Type: Unknown, Error: Kind: I/O error: received fatal alert: InternalError, labels: {} }, { Address: ac-wiax5mf-shard-00-02.lxptvyx.mongodb.net:27017, Type: Unknown, Error: Kind: I/O error: received fatal alert: InternalError, labels: {} } ] }, labels: {}`
[2026-05-15T11:39:32.758Z] [31MERROR[39M: Invalid access token, please log in
[2026-05-15T11:39:33.628Z] [31MERROR[39M: Invalid access token, please log in
[2026-05-15T11:55:30.841Z] [31MERROR[39M: Invalid access token, please log in
[2026-05-15T11:55:31.280Z] [31MERROR[39M: Invalid access token, please log in
[2026-05-15T11:58:27.634Z] [31MERROR[39M: Invalid access token, please log in
[2026-05-15T11:58:28.124Z] [31MERROR[39M: Invalid access token, please log in
[2026-05-15T12:01:46.069Z] [31MERROR[39M: Duplicate field value entered
[2026-05-15T12:02:07.170Z] [31MERROR[39M: Duplicate field value entered
[2026-05-15T12:02:28.651Z] [31MERROR[39M: Variant at index 0 must have sku, price, and stock
[2026-05-15T12:02:51.485Z] [31MERROR[39M: Variant at index 0 must have sku, price, and stock
[2026-05-15T12:07:23.067Z] [31MERROR[39M: Images at variant index 0 must be an array of strings or empty
[2026-05-15T12:07:34.216Z] [31MERROR[39M: Images at variant index 0 must be an array of strings or empty
[2026-05-15T12:07:43.533Z] [31MERROR[39M: Images at variant index 0 must be an array of strings or empty
[2026-05-15T12:07:54.380Z] [31MERROR[39M: Duplicate field value entered
[2026-05-15T12:08:13.742Z] [31MERROR[39M: Duplicate field value entered
[2026-05-15T12:08:55.358Z] [31MERROR[39M: Duplicate field value entered
[2026-05-15T12:09:23.787Z] [31MERROR[39M: Duplicate field value entered
[2026-05-15T12:14:04.091Z] [31MERROR[39M: Invalid access token, please log in
[2026-05-15T12:14:04.110Z] [31MERROR[39M: Invalid access token, please log in
[2026-05-15T12:14:04.112Z] [31MERROR[39M: Invalid access token, please log in
[2026-05-15T12:14:04.113Z] [31MERROR[39M: Invalid access token, please log in
[2026-05-15T12:14:04.117Z] [31MERROR[39M: Invalid access token, please log in
[2026-05-15T12:14:04.119Z] [31MERROR[39M: Invalid access token, please log in
[2026-05-15T12:14:04.269Z] [31MERROR[39M: Invalid access token, please log in
[2026-05-15T12:14:04.373Z] [31MERROR[39M: Invalid access token, please log in
[2026-05-15T12:14:04.374Z] [31MERROR[39M: Invalid access token, please log in
[2026-05-15T12:14:04.388Z] [31MERROR[39M: Invalid access token, please log in
[2026-05-15T12:14:04.391Z] [31MERROR[39M: Invalid access token, please log in
[2026-05-15T12:14:04.685Z] [31MERROR[39M: Invalid access token, please log in
[2026-05-15T12:14:04.701Z] [31MERROR[39M: Invalid access token, please log in
[2026-05-15T12:14:04.703Z] [31MERROR[39M: Invalid access token, please log in
[2026-05-15T12:14:04.705Z] [31MERROR[39M: Invalid access token, please log in
[2026-05-15T12:14:04.775Z] [31MERROR[39M: Invalid access token, please log in
[2026-05-15T12:14:04.933Z] [31MERROR[39M: Invalid access token, please log in
[2026-05-15T12:14:04.977Z] [31MERROR[39M: Invalid access token, please log in
[2026-05-15T12:14:05.026Z] [31MERROR[39M: Invalid access token, please log in
[2026-05-15T12:14:05.208Z] [31MERROR[39M: Invalid access token, please log in
[2026-05-15T12:14:05.212Z] [31MERROR[39M: Invalid access token, please log in
[2026-05-15T12:14:05.217Z] [31MERROR[39M: Invalid access token, please log in
[2026-05-15T12:14:23.368Z] [31MERROR[39M: Invalid access token, please log in
[2026-05-15T12:14:23.719Z] [31MERROR[39M: Invalid access token, please log in
[2026-05-15T12:14:46.993Z] [31MERROR[39M: Invalid access token, please log in
[2026-05-15T12:14:46.995Z] [31MERROR[39M: Invalid access token, please log in
[2026-05-15T12:14:47.009Z] [31MERROR[39M: Invalid access token, please log in
[2026-05-15T12:14:47.010Z] [31MERROR[39M: Invalid access token, please log in
[2026-05-15T12:14:47.014Z] [31MERROR[39M: Invalid access token, please log in
[2026-05-15T12:14:47.016Z] [31MERROR[39M: Invalid access token, please log in
[2026-05-15T12:14:47.178Z] [31MERROR[39M: Invalid access token, please log in
[2026-05-15T12:14:47.184Z] [31MERROR[39M: Invalid access token, please log in
[2026-05-15T12:14:47.219Z] [31MERROR[39M: Invalid access token, please log in
[2026-05-15T12:14:47.227Z] [31MERROR[39M: Invalid access token, please log in
[2026-05-15T12:14:47.228Z] [31MERROR[39M: Invalid access token, please log in
[2026-05-15T12:14:47.486Z] [31MERROR[39M: Invalid access token, please log in
[2026-05-15T12:14:47.495Z] [31MERROR[39M: Invalid access token, please log in
[2026-05-15T12:14:47.497Z] [31MERROR[39M: Invalid access token, please log in
[2026-05-15T12:14:47.530Z] [31MERROR[39M: Invalid access token, please log in
[2026-05-15T12:14:47.577Z] [31MERROR[39M: Invalid access token, please log in
[2026-05-15T12:14:47.790Z] [31MERROR[39M: Invalid access token, please log in
[2026-05-15T12:14:47.791Z] [31MERROR[39M: Invalid access token, please log in
[2026-05-15T12:14:48.094Z] [31MERROR[39M: Invalid access token, please log in
[2026-05-15T12:14:48.100Z] [31MERROR[39M: Invalid access token, please log in
[2026-05-15T12:14:48.102Z] [31MERROR[39M: Invalid access token, please log in
[2026-05-15T12:14:48.146Z] [31MERROR[39M: Invalid access token, please log in
[2026-05-15T12:16:10.944Z] [31MERROR[39M: Invalid access token, please log in
[2026-05-15T12:16:11.343Z] [31MERROR[39M: Invalid access token, please log in
[2026-05-15T12:18:51.897Z] [31MERROR[39M: Invalid access token, please log in
[2026-05-15T12:18:52.269Z] [31MERROR[39M: Invalid access token, please log in
[2026-05-15T12:22:24.280Z] [31MERROR[39M: Invalid access token, please log in
[2026-05-15T12:22:25.409Z] [31MERROR[39M: Invalid access token, please log in
[2026-05-15T12:22:47.048Z] [31MERROR[39M: Invalid access token, please log in
[2026-05-15T12:22:47.518Z] [31MERROR[39M: Invalid access token, please log in
[2026-05-15T12:23:00.272Z] [31MERROR[39M: Invalid access token, please log in
[2026-05-15T12:23:00.731Z] [31MERROR[39M: Invalid access token, please log in
[2026-05-15T12:23:04.432Z] [31MERROR[39M: Invalid access token, please log in
[2026-05-15T12:23:04.671Z] [31MERROR[39M: Invalid access token, please log in
[2026-05-15T12:23:05.382Z] [31MERROR[39M: Invalid access token, please log in
[2026-05-15T12:23:05.622Z] [31MERROR[39M: Invalid access token, please log in
[2026-05-15T12:28:37.384Z] [31MERROR[39M: Invalid access token, please log in
[2026-05-15T12:28:38.242Z] [31MERROR[39M: Invalid access token, please log in
[2026-05-15T12:29:39.482Z] [31MERROR[39M: Invalid access token, please log in
[2026-05-15T12:29:39.746Z] [31MERROR[39M: Invalid access token, please log in
[2026-05-15T12:30:17.167Z] [31MERROR[39M: Email or password is incorrect.
[2026-05-15T12:30:23.512Z] [31MERROR[39M: Email or password is incorrect.
[2026-05-15T12:36:28.354Z] [31MERROR[39M: Invalid access token, please log in
[2026-05-15T12:36:28.593Z] [31MERROR[39M: Invalid access token, please log in
[2026-05-15T12:36:39.738Z] [31MERROR[39M: Invalid access token, please log in
[2026-05-15T12:36:40.072Z] [31MERROR[39M: Invalid access token, please log in
[2026-05-15T12:40:01.909Z] [31MERROR[39M: Invalid access token, please log in
[2026-05-15T12:40:02.258Z] [31MERROR[39M: Invalid access token, please log in
[2026-05-15T12:40:23.959Z] [31MERROR[39M: Email or password is incorrect.
[2026-05-15T12:41:10.810Z] [31MERROR[39M: This email is already registered, please log in instead.
[2026-05-15T12:59:08.060Z] [31MERROR[39M: Unauthorized, please log in
[2026-05-15T12:59:08.914Z] [31MERROR[39M: Refresh token not found
[2026-05-15T13:00:07.249Z] [31MERROR[39M: This email is already registered, please log in instead.
[2026-05-15T13:00:43.653Z] [31MERROR[39M: Email or password is incorrect.
[2026-05-15T13:00:48.587Z] [31MERROR[39M: Email or password is incorrect.
[2026-05-15T13:03:50.738Z] [31MERROR[39M: No orders found for this user
[2026-05-15T13:04:40.305Z] [31MERROR[39M: Duplicate field value entered
[2026-05-15T13:04:44.329Z] [31MERROR[39M: No orders found for this user
[2026-05-15T13:05:27.292Z] [31MERROR[39M: Duplicate field value entered
[2026-05-15T13:18:27.481Z] [31MERROR[39M: Duplicate field value entered
[2026-05-15T13:26:37.606Z] [31MERROR[39M: Unauthorized, please log in
[2026-05-15T13:26:37.898Z] [31MERROR[39M: Refresh token not found
[2026-05-15T13:27:19.874Z] [31MERROR[39M: Email or password is incorrect.
[2026-05-15T13:27:26.323Z] [31MERROR[39M: Email or password is incorrect.
[2026-05-15T13:28:36.085Z] [31MERROR[39M: Duplicate field value entered
[2026-05-15T13:28:36.675Z] [31MERROR[39M: Duplicate field value entered
[2026-05-15T13:28:37.296Z] [31MERROR[39M: Duplicate field value entered
[2026-05-15T13:28:37.901Z] [31MERROR[39M: Duplicate field value entered
[2026-05-15T13:28:43.586Z] [31MERROR[39M: Duplicate field value entered
[2026-05-15T13:28:44.303Z] [31MERROR[39M: Duplicate field value entered
[2026-05-15T13:28:49.890Z] [31MERROR[39M: Duplicate field value entered
[2026-05-15T13:29:08.523Z] [31MERROR[39M: Duplicate field value entered
[2026-05-15T13:29:09.240Z] [31MERROR[39M: Duplicate field value entered
[2026-05-15T13:29:29.616Z] [31MERROR[39M: Duplicate field value entered
[2026-05-15T13:29:30.331Z] [31MERROR[39M: Duplicate field value entered
[2026-05-15T13:34:46.253Z] [31MERROR[39M: Duplicate field value entered
[2026-05-15T13:34:55.752Z] [31MERROR[39M: Duplicate field value entered
[2026-05-15T13:34:59.744Z] [31MERROR[39M: Duplicate field value entered
[2026-05-15T13:35:00.272Z] [31MERROR[39M: Duplicate field value entered
[2026-05-15T13:35:06.350Z] [31MERROR[39M: Duplicate field value entered
[2026-05-15T13:35:06.922Z] [31MERROR[39M: Duplicate field value entered
[2026-05-15T13:39:41.866Z] [31MERROR[39M: Invalid API Key provided: sk_test_*******lder
[2026-05-15T14:14:54.518Z] [31MERROR[39M: Invalid access token, please log in
[2026-05-15T14:14:56.904Z] [31MERROR[39M: Invalid access token, please log in
[2026-05-15T14:14:59.915Z] [31MERROR[39M: Invalid access token, please log in
[2026-05-15T14:15:29.471Z] [31MERROR[39M: Prisma error: 
Invalid `prisma.category.findMany()` invocation in
C:\Users\harsh\Desktop\e-commerse\src\server\src\modules\category\category.repository.ts:12:28

   9   includeProducts?: boolean;
  10 }) {
  11   const { where, orderBy, skip, take, includeProducts } = params;
→ 12   return prisma.category.findMany(
Raw query failed. Code: `unknown`. Message: `Kind: Server selection timeout: No available servers. Topology: { Type: ReplicaSetNoPrimary, Set Name: atlas-ueb8e3-shard-0, Max Set Version: 47, Max Election ID: 7fffffff0000000000000074, Servers: [ { Address: ac-wiax5mf-shard-00-02.lxptvyx.mongodb.net:27017, Type: Unknown, Error: Kind: I/O error: received fatal alert: InternalError, labels: {} }, { Address: ac-wiax5mf-shard-00-00.lxptvyx.mongodb.net:27017, Type: Unknown, Error: Kind: I/O error: received fatal alert: InternalError, labels: {} }, { Address: ac-wiax5mf-shard-00-01.lxptvyx.mongodb.net:27017, Type: Unknown, Error: Kind: I/O error: received fatal alert: InternalError, labels: {} } ] }, labels: {}`
[2026-05-15T14:15:43.704Z] [31MERROR[39M: Prisma error: 
Invalid `prisma.cart.findUnique()` invocation in
C:\Users\harsh\Desktop\e-commerse\src\server\src\modules\cart\cart.repository.ts:30:36

  27 console.log("🔍 [CART REPOSITORY] getCartBySessionId called");
  28 console.log("🔍 [CART REPOSITORY] sessionId:", sessionId);
  29 
→ 30 const cart = await prisma.cart.findUnique(
Raw query failed. Code: `unknown`. Message: `Kind: Server selection timeout: No available servers. Topology: { Type: ReplicaSetNoPrimary, Set Name: atlas-ueb8e3-shard-0, Max Set Version: 47, Max Election ID: 7fffffff0000000000000074, Servers: [ { Address: ac-wiax5mf-shard-00-02.lxptvyx.mongodb.net:27017, Type: Unknown, Error: Kind: I/O error: received fatal alert: InternalError, labels: {} }, { Address: ac-wiax5mf-shard-00-00.lxptvyx.mongodb.net:27017, Type: Unknown, Error: Kind: I/O error: received fatal alert: InternalError, labels: {} }, { Address: ac-wiax5mf-shard-00-01.lxptvyx.mongodb.net:27017, Type: Unknown, Error: Kind: I/O error: received fatal alert: InternalError, labels: {} } ] }, labels: {}`
[2026-05-15T14:16:04.362Z] [31MERROR[39M: Prisma error: 
Invalid `prisma.user.findUnique()` invocation in
C:\Users\harsh\Desktop\e-commerse\src\server\src\modules\auth\auth.repository.ts:12:24

   9 }
  10 
  11 async findUserByEmailWithPassword(email: string) {
→ 12   return prisma.user.findUnique(
Raw query failed. Code: `unknown`. Message: `Kind: Server selection timeout: No available servers. Topology: { Type: ReplicaSetNoPrimary, Set Name: atlas-ueb8e3-shard-0, Max Set Version: 47, Max Election ID: 7fffffff0000000000000074, Servers: [ { Address: ac-wiax5mf-shard-00-02.lxptvyx.mongodb.net:27017, Type: Unknown, Error: Kind: I/O error: received fatal alert: InternalError, labels: {} }, { Address: ac-wiax5mf-shard-00-00.lxptvyx.mongodb.net:27017, Type: Unknown, Error: Kind: I/O error: received fatal alert: InternalError, labels: {} }, { Address: ac-wiax5mf-shard-00-01.lxptvyx.mongodb.net:27017, Type: Unknown, Error: Kind: I/O error: received fatal alert: InternalError, labels: {} } ] }, labels: {}`
[2026-05-15T14:16:07.125Z] [31MERROR[39M: Invalid access token, please log in
[2026-05-15T14:16:29.959Z] [31MERROR[39M: Prisma error: 
Invalid `prisma.user.findUnique()` invocation in
C:\Users\harsh\Desktop\e-commerse\src\server\src\modules\auth\auth.repository.ts:26:24

  23 }
  24 
  25 async findUserById(id: string) {
→ 26   return prisma.user.findUnique(
Raw query failed. Code: `unknown`. Message: `Kind: Server selection timeout: No available servers. Topology: { Type: ReplicaSetNoPrimary, Set Name: atlas-ueb8e3-shard-0, Max Set Version: 47, Max Election ID: 7fffffff0000000000000074, Servers: [ { Address: ac-wiax5mf-shard-00-02.lxptvyx.mongodb.net:27017, Type: Unknown, Error: Kind: I/O error: received fatal alert: InternalError, labels: {} }, { Address: ac-wiax5mf-shard-00-00.lxptvyx.mongodb.net:27017, Type: Unknown, Error: Kind: I/O error: received fatal alert: InternalError, labels: {} }, { Address: ac-wiax5mf-shard-00-01.lxptvyx.mongodb.net:27017, Type: Unknown, Error: Kind: I/O error: received fatal alert: InternalError, labels: {} } ] }, labels: {}`
[2026-05-15T14:16:37.291Z] [31MERROR[39M: Prisma error: 
Invalid `prisma.cart.findUnique()` invocation in
C:\Users\harsh\Desktop\e-commerse\src\server\src\modules\cart\cart.repository.ts:30:36

  27 console.log("🔍 [CART REPOSITORY] getCartBySessionId called");
  28 console.log("🔍 [CART REPOSITORY] sessionId:", sessionId);
  29 
→ 30 const cart = await prisma.cart.findUnique(
Raw query failed. Code: `unknown`. Message: `Kind: Server selection timeout: No available servers. Topology: { Type: ReplicaSetNoPrimary, Set Name: atlas-ueb8e3-shard-0, Max Set Version: 47, Max Election ID: 7fffffff0000000000000074, Servers: [ { Address: ac-wiax5mf-shard-00-02.lxptvyx.mongodb.net:27017, Type: Unknown, Error: Kind: I/O error: received fatal alert: InternalError, labels: {} }, { Address: ac-wiax5mf-shard-00-00.lxptvyx.mongodb.net:27017, Type: Unknown, Error: Kind: I/O error: received fatal alert: InternalError, labels: {} }, { Address: ac-wiax5mf-shard-00-01.lxptvyx.mongodb.net:27017, Type: Unknown, Error: Kind: I/O error: received fatal alert: InternalError, labels: {} } ] }, labels: {}`
[2026-05-15T14:16:42.320Z] [31MERROR[39M: Prisma error: 
Invalid `prisma.user.findUnique()` invocation in
C:\Users\harsh\Desktop\e-commerse\src\server\src\modules\auth\auth.repository.ts:12:24

   9 }
  10 
  11 async findUserByEmailWithPassword(email: string) {
→ 12   return prisma.user.findUnique(
Raw query failed. Code: `unknown`. Message: `Kind: Server selection timeout: No available servers. Topology: { Type: ReplicaSetNoPrimary, Set Name: atlas-ueb8e3-shard-0, Max Set Version: 47, Max Election ID: 7fffffff0000000000000074, Servers: [ { Address: ac-wiax5mf-shard-00-02.lxptvyx.mongodb.net:27017, Type: Unknown, Error: Kind: I/O error: received fatal alert: InternalError, labels: {} }, { Address: ac-wiax5mf-shard-00-00.lxptvyx.mongodb.net:27017, Type: Unknown, Error: Kind: I/O error: received fatal alert: InternalError, labels: {} }, { Address: ac-wiax5mf-shard-00-01.lxptvyx.mongodb.net:27017, Type: Unknown, Error: Kind: I/O error: received fatal alert: InternalError, labels: {} } ] }, labels: {}`
[2026-05-15T14:17:37.152Z] [31MERROR[39M: Prisma error: 
Invalid `prisma.user.findUnique()` invocation in
C:\Users\harsh\Desktop\e-commerse\src\server\src\modules\auth\auth.repository.ts:26:24

  23 }
  24 
  25 async findUserById(id: string) {
→ 26   return prisma.user.findUnique(
Raw query failed. Code: `unknown`. Message: `Kind: Server selection timeout: No available servers. Topology: { Type: ReplicaSetNoPrimary, Set Name: atlas-ueb8e3-shard-0, Max Set Version: 47, Max Election ID: 7fffffff0000000000000074, Servers: [ { Address: ac-wiax5mf-shard-00-02.lxptvyx.mongodb.net:27017, Type: Unknown, Error: Kind: I/O error: received fatal alert: InternalError, labels: {} }, { Address: ac-wiax5mf-shard-00-00.lxptvyx.mongodb.net:27017, Type: Unknown, Error: Kind: I/O error: received fatal alert: InternalError, labels: {} }, { Address: ac-wiax5mf-shard-00-01.lxptvyx.mongodb.net:27017, Type: Unknown, Error: Kind: I/O error: received fatal alert: InternalError, labels: {} } ] }, labels: {}`
[2026-05-15T14:20:04.743Z] [31MERROR[39M: Unauthorized, please log in
[2026-05-15T14:20:35.176Z] [31MERROR[39M: Prisma error: 
Invalid `prisma.cart.findUnique()` invocation in
C:\Users\harsh\Desktop\e-commerse\src\server\src\modules\cart\cart.repository.ts:30:36

  27 console.log("🔍 [CART REPOSITORY] getCartBySessionId called");
  28 console.log("🔍 [CART REPOSITORY] sessionId:", sessionId);
  29 
→ 30 const cart = await prisma.cart.findUnique(
Raw query failed. Code: `unknown`. Message: `Kind: Server selection timeout: No available servers. Topology: { Type: ReplicaSetNoPrimary, Set Name: atlas-ueb8e3-shard-0, Max Set Version: 47, Max Election ID: 7fffffff0000000000000074, Servers: [ { Address: ac-wiax5mf-shard-00-02.lxptvyx.mongodb.net:27017, Type: Unknown, Error: Kind: I/O error: received fatal alert: InternalError, labels: {} }, { Address: ac-wiax5mf-shard-00-00.lxptvyx.mongodb.net:27017, Type: Unknown, Error: Kind: I/O error: received fatal alert: InternalError, labels: {} }, { Address: ac-wiax5mf-shard-00-01.lxptvyx.mongodb.net:27017, Type: Unknown, Error: Kind: I/O error: received fatal alert: InternalError, labels: {} } ] }, labels: {}`
[2026-05-15T14:21:04.772Z] [31MERROR[39M: Refresh token not found
[2026-05-15T14:21:05.111Z] [31MERROR[39M: Prisma error: 
Invalid `prisma.category.findMany()` invocation in
C:\Users\harsh\Desktop\e-commerse\src\server\src\modules\category\category.repository.ts:12:28

   9   includeProducts?: boolean;
  10 }) {
  11   const { where, orderBy, skip, take, includeProducts } = params;
→ 12   return prisma.category.findMany(
Raw query failed. Code: `unknown`. Message: `Kind: Server selection timeout: No available servers. Topology: { Type: ReplicaSetNoPrimary, Set Name: atlas-ueb8e3-shard-0, Max Set Version: 47, Max Election ID: 7fffffff0000000000000074, Servers: [ { Address: ac-wiax5mf-shard-00-02.lxptvyx.mongodb.net:27017, Type: Unknown, Error: Kind: I/O error: received fatal alert: InternalError, labels: {} }, { Address: ac-wiax5mf-shard-00-00.lxptvyx.mongodb.net:27017, Type: Unknown, Error: Kind: I/O error: received fatal alert: InternalError, labels: {} }, { Address: ac-wiax5mf-shard-00-01.lxptvyx.mongodb.net:27017, Type: Unknown, Error: Kind: I/O error: received fatal alert: InternalError, labels: {} } ] }, labels: {}`
[2026-05-15T14:25:27.388Z] [31MERROR[39M: Prisma error: 
Invalid `prisma.category.findMany()` invocation in
C:\Users\harsh\Desktop\e-commerse\src\server\src\modules\category\category.repository.ts:12:28

   9   includeProducts?: boolean;
  10 }) {
  11   const { where, orderBy, skip, take, includeProducts } = params;
→ 12   return prisma.category.findMany(
Raw query failed. Code: `unknown`. Message: `Kind: Server selection timeout: No available servers. Topology: { Type: ReplicaSetNoPrimary, Set Name: atlas-ueb8e3-shard-0, Servers: [ { Address: ac-wiax5mf-shard-00-02.lxptvyx.mongodb.net:27017, Type: Unknown, Error: Kind: I/O error: received fatal alert: InternalError, labels: {} }, { Address: ac-wiax5mf-shard-00-00.lxptvyx.mongodb.net:27017, Type: Unknown, Error: Kind: I/O error: received fatal alert: InternalError, labels: {} }, { Address: ac-wiax5mf-shard-00-01.lxptvyx.mongodb.net:27017, Type: Unknown, Error: Kind: I/O error: received fatal alert: InternalError, labels: {} } ] }, labels: {}`
[2026-05-15T14:25:50.823Z] [31MERROR[39M: Unauthorized, please log in
[2026-05-15T14:25:50.889Z] [31MERROR[39M: Refresh token not found
[2026-05-15T14:26:20.970Z] [31MERROR[39M: Prisma error: 
Invalid `prisma.cart.findUnique()` invocation in
C:\Users\harsh\Desktop\e-commerse\src\server\src\modules\cart\cart.repository.ts:30:36

  27 console.log("🔍 [CART REPOSITORY] getCartBySessionId called");
  28 console.log("🔍 [CART REPOSITORY] sessionId:", sessionId);
  29 
→ 30 const cart = await prisma.cart.findUnique(
Raw query failed. Code: `unknown`. Message: `Kind: Server selection timeout: No available servers. Topology: { Type: ReplicaSetNoPrimary, Set Name: atlas-ueb8e3-shard-0, Servers: [ { Address: ac-wiax5mf-shard-00-02.lxptvyx.mongodb.net:27017, Type: Unknown, Error: Kind: I/O error: received fatal alert: InternalError, labels: {} }, { Address: ac-wiax5mf-shard-00-00.lxptvyx.mongodb.net:27017, Type: Unknown, Error: Kind: I/O error: received fatal alert: InternalError, labels: {} }, { Address: ac-wiax5mf-shard-00-01.lxptvyx.mongodb.net:27017, Type: Unknown, Error: Kind: I/O error: received fatal alert: InternalError, labels: {} } ] }, labels: {}`
[2026-05-15T14:26:51.446Z] [31MERROR[39M: Prisma error: 
Invalid `prisma.category.findMany()` invocation in
C:\Users\harsh\Desktop\e-commerse\src\server\src\modules\category\category.repository.ts:12:28

   9   includeProducts?: boolean;
  10 }) {
  11   const { where, orderBy, skip, take, includeProducts } = params;
→ 12   return prisma.category.findMany(
Raw query failed. Code: `unknown`. Message: `Kind: Server selection timeout: No available servers. Topology: { Type: ReplicaSetNoPrimary, Set Name: atlas-ueb8e3-shard-0, Servers: [ { Address: ac-wiax5mf-shard-00-02.lxptvyx.mongodb.net:27017, Type: Unknown, Error: Kind: I/O error: received fatal alert: InternalError, labels: {} }, { Address: ac-wiax5mf-shard-00-00.lxptvyx.mongodb.net:27017, Type: Unknown, Error: Kind: I/O error: received fatal alert: InternalError, labels: {} }, { Address: ac-wiax5mf-shard-00-01.lxptvyx.mongodb.net:27017, Type: Unknown, Error: Kind: I/O error: received fatal alert: InternalError, labels: {} } ] }, labels: {}`
[2026-05-15T14:57:46.133Z] [31MERROR[39M: Unauthorized, please log in
[2026-05-15T14:57:46.729Z] [31MERROR[39M: Refresh token not found
