[2026-05-15T04:33:35.409Z] [31MERROR[39M: uncaughtException: Cannot find module 'C:\Users\harsh\Desktop\e-commerse\src\server\src\infra\database\database.config'
Require stack:
- C:\Users\harsh\Desktop\e-commerse\src\server\dist\infra\passport\passport.js
- C:\Users\harsh\Desktop\e-commerse\src\server\dist\app.js
- C:\Users\harsh\Desktop\e-commerse\src\server\dist\server.js
Error: Cannot find module 'C:\Users\harsh\Desktop\e-commerse\src\server\src\infra\database\database.config'
Require stack:
- C:\Users\harsh\Desktop\e-commerse\src\server\dist\infra\passport\passport.js
- C:\Users\harsh\Desktop\e-commerse\src\server\dist\app.js
- C:\Users\harsh\Desktop\e-commerse\src\server\dist\server.js
    at Module.<anonymous> (node:internal/modules/cjs/loader:1476:15)
    at Module._resolveFilename (C:\Users\harsh\Desktop\e-commerse\src\server\node_modules\module-alias\index.js:49:29)
    at wrapResolveFilename (node:internal/modules/cjs/loader:1049:27)
    at defaultResolveImplForCJSLoading (node:internal/modules/cjs/loader:1073:10)
    at resolveForCJSWithHooks (node:internal/modules/cjs/loader:1094:12)
    at Module._load (node:internal/modules/cjs/loader:1262:25)
    at wrapModuleLoad (node:internal/modules/cjs/loader:255:19)
    at Module.require (node:internal/modules/cjs/loader:1576:12)
    at require (node:internal/modules/helpers:153:16)
    at Object.<anonymous> (C:\Users\harsh\Desktop\e-commerse\src\server\dist\infra\passport\passport.js:20:43)
[2026-05-15T05:03:25.435Z] [31MERROR[39M: uncaughtException: Cannot find module 'C:\Users\harsh\Desktop\e-commerse\src\server\src\infra\database\database.config'
Require stack:
- C:\Users\harsh\Desktop\e-commerse\src\server\dist\infra\passport\passport.js
- C:\Users\harsh\Desktop\e-commerse\src\server\dist\app.js
- C:\Users\harsh\Desktop\e-commerse\src\server\dist\server.js
Error: Cannot find module 'C:\Users\harsh\Desktop\e-commerse\src\server\src\infra\database\database.config'
Require stack:
- C:\Users\harsh\Desktop\e-commerse\src\server\dist\infra\passport\passport.js
- C:\Users\harsh\Desktop\e-commerse\src\server\dist\app.js
- C:\Users\harsh\Desktop\e-commerse\src\server\dist\server.js
    at Module.<anonymous> (node:internal/modules/cjs/loader:1476:15)
    at Module._resolveFilename (C:\Users\harsh\Desktop\e-commerse\src\server\node_modules\module-alias\index.js:49:29)
    at wrapResolveFilename (node:internal/modules/cjs/loader:1049:27)
    at defaultResolveImplForCJSLoading (node:internal/modules/cjs/loader:1073:10)
    at resolveForCJSWithHooks (node:internal/modules/cjs/loader:1094:12)
    at Module._load (node:internal/modules/cjs/loader:1262:25)
    at wrapModuleLoad (node:internal/modules/cjs/loader:255:19)
    at Module.require (node:internal/modules/cjs/loader:1576:12)
    at require (node:internal/modules/helpers:153:16)
    at Object.<anonymous> (C:\Users\harsh\Desktop\e-commerse\src\server\dist\infra\passport\passport.js:20:43)
